# JRE version: OpenJDK Runtime Environment (8.0_242-b08) (build 1.8.0_242-b08)
# Java VM: OpenJDK 64-Bit Server VM (25.242-b08 mixed mode linux-amd64 compressed oops)
Heap:
 PSYoungGen      total 291840K, used 267611K [0x00000000d6800000, 0x00000000e9d80000, 0x0000000100000000)
  eden space 280064K, 91% used [0x00000000d6800000,0x00000000e61daf70,0x00000000e7980000)
  from space 11776K, 99% used [0x00000000e9200000,0x00000000e9d7c018,0x00000000e9d80000)
  to   space 13824K, 0% used [0x00000000e8280000,0x00000000e8280000,0x00000000e9000000)
 ParOldGen       total 84480K, used 20638K [0x0000000083800000, 0x0000000088a80000, 0x00000000d6800000)
  object space 84480K, 24% used [0x0000000083800000,0x0000000084c27b90,0x0000000088a80000)
 Metaspace       used 52530K, capacity 55562K, committed 55728K, reserved 1097728K
  class space    used 6971K, capacity 7487K, committed 7600K, reserved 1048576K
GC Heap History (24 events):
Event: 0.602 GC heap before
{Heap before GC invocations=1 (full 0):
 PSYoungGen      total 37888K, used 32768K [0x00000000d6800000, 0x00000000d9200000, 0x0000000100000000)
  eden space 32768K, 100% used [0x00000000d6800000,0x00000000d8800000,0x00000000d8800000)
  from space 5120K, 0% used [0x00000000d8d00000,0x00000000d8d00000,0x00000000d9200000)
  to   space 5120K, 0% used [0x00000000d8800000,0x00000000d8800000,0x00000000d8d00000)
 ParOldGen       total 86016K, used 0K [0x0000000083800000, 0x0000000088c00000, 0x00000000d6800000)
  object space 86016K, 0% used [0x0000000083800000,0x0000000083800000,0x0000000088c00000)
 Metaspace       used 10394K, capacity 10612K, committed 10752K, reserved 1058816K
  class space    used 1093K, capacity 1190K, committed 1280K, reserved 1048576K
Event: 0.607 GC heap after
Heap after GC invocations=1 (full 0):
 PSYoungGen      total 37888K, used 4610K [0x00000000d6800000, 0x00000000d9200000, 0x0000000100000000)
  eden space 32768K, 0% used [0x00000000d6800000,0x00000000d6800000,0x00000000d8800000)
  from space 5120K, 90% used [0x00000000d8800000,0x00000000d8c80ad8,0x00000000d8d00000)
  to   space 5120K, 0% used [0x00000000d8d00000,0x00000000d8d00000,0x00000000d9200000)
 ParOldGen       total 86016K, used 16K [0x0000000083800000, 0x0000000088c00000, 0x00000000d6800000)
  object space 86016K, 0% used [0x0000000083800000,0x0000000083804000,0x0000000088c00000)
 Metaspace       used 10394K, capacity 10612K, committed 10752K, reserved 1058816K
  class space    used 1093K, capacity 1190K, committed 1280K, reserved 1048576K
}
Event: 0.790 GC heap before
{Heap before GC invocations=2 (full 0):
 PSYoungGen      total 37888K, used 37378K [0x00000000d6800000, 0x00000000d9200000, 0x0000000100000000)
  eden space 32768K, 100% used [0x00000000d6800000,0x00000000d8800000,0x00000000d8800000)
  from space 5120K, 90% used [0x00000000d8800000,0x00000000d8c80ad8,0x00000000d8d00000)
  to   space 5120K, 0% used [0x00000000d8d00000,0x00000000d8d00000,0x00000000d9200000)
 ParOldGen       total 86016K, used 16K [0x0000000083800000, 0x0000000088c00000, 0x00000000d6800000)
  object space 86016K, 0% used [0x0000000083800000,0x0000000083804000,0x0000000088c00000)
 Metaspace       used 12512K, capacity 12738K, committed 13056K, reserved 1060864K
  class space    used 1353K, capacity 1430K, committed 1536K, reserved 1048576K
Event: 0.796 GC heap after
Heap after GC invocations=2 (full 0):
 PSYoungGen      total 37888K, used 5116K [0x00000000d6800000, 0x00000000db200000, 0x0000000100000000)
  eden space 32768K, 0% used [0x00000000d6800000,0x00000000d6800000,0x00000000d8800000)
  from space 5120K, 99% used [0x00000000d8d00000,0x00000000d91ff1e0,0x00000000d9200000)
  to   space 5120K, 0% used [0x00000000d8800000,0x00000000d8800000,0x00000000d8d00000)
 ParOldGen       total 86016K, used 1593K [0x0000000083800000, 0x0000000088c00000, 0x00000000d6800000)
  object space 86016K, 1% used [0x0000000083800000,0x000000008398e6c0,0x0000000088c00000)
 Metaspace       used 12512K, capacity 12738K, committed 13056K, reserved 1060864K
  class space    used 1353K, capacity 1430K, committed 1536K, reserved 1048576K
}
Event: 0.930 GC heap before
{Heap before GC invocations=3 (full 0):
 PSYoungGen      total 37888K, used 37884K [0x00000000d6800000, 0x00000000db200000, 0x0000000100000000)
  eden space 32768K, 100% used [0x00000000d6800000,0x00000000d8800000,0x00000000d8800000)
  from space 5120K, 99% used [0x00000000d8d00000,0x00000000d91ff1e0,0x00000000d9200000)
  to   space 5120K, 0% used [0x00000000d8800000,0x00000000d8800000,0x00000000d8d00000)
 ParOldGen       total 86016K, used 1593K [0x0000000083800000, 0x0000000088c00000, 0x00000000d6800000)
  object space 86016K, 1% used [0x0000000083800000,0x000000008398e6c0,0x0000000088c00000)
 Metaspace       used 15269K, capacity 15616K, committed 15744K, reserved 1062912K
  class space    used 1695K, capacity 1811K, committed 1920K, reserved 1048576K
Event: 0.936 GC heap after
Heap after GC invocations=3 (full 0):
 PSYoungGen      total 37888K, used 5110K [0x00000000d6800000, 0x00000000db200000, 0x0000000100000000)
  eden space 32768K, 0% used [0x00000000d6800000,0x00000000d6800000,0x00000000d8800000)
  from space 5120K, 99% used [0x00000000d8800000,0x00000000d8cfdaa8,0x00000000d8d00000)
  to   space 5120K, 0% used [0x00000000dad00000,0x00000000dad00000,0x00000000db200000)
 ParOldGen       total 86016K, used 3505K [0x0000000083800000, 0x0000000088c00000, 0x00000000d6800000)
  object space 86016K, 4% used [0x0000000083800000,0x0000000083b6c408,0x0000000088c00000)
 Metaspace       used 15269K, capacity 15616K, committed 15744K, reserved 1062912K
  class space    used 1695K, capacity 1811K, committed 1920K, reserved 1048576K
}
Event: 1.002 GC heap before
{Heap before GC invocations=4 (full 0):
 PSYoungGen      total 37888K, used 37878K [0x00000000d6800000, 0x00000000db200000, 0x0000000100000000)
  eden space 32768K, 100% used [0x00000000d6800000,0x00000000d8800000,0x00000000d8800000)
  from space 5120K, 99% used [0x00000000d8800000,0x00000000d8cfdaa8,0x00000000d8d00000)
  to   space 5120K, 0% used [0x00000000dad00000,0x00000000dad00000,0x00000000db200000)
 ParOldGen       total 86016K, used 3505K [0x0000000083800000, 0x0000000088c00000, 0x00000000d6800000)
  object space 86016K, 4% used [0x0000000083800000,0x0000000083b6c408,0x0000000088c00000)
 Metaspace       used 17042K, capacity 17490K, committed 17664K, reserved 1064960K
  class space    used 1912K, capacity 2022K, committed 2048K, reserved 1048576K
Event: 1.006 GC heap after
Heap after GC invocations=4 (full 0):
 PSYoungGen      total 70656K, used 5094K [0x00000000d6800000, 0x00000000db200000, 0x0000000100000000)
  eden space 65536K, 0% used [0x00000000d6800000,0x00000000d6800000,0x00000000da800000)
  from space 5120K, 99% used [0x00000000dad00000,0x00000000db1f9a98,0x00000000db200000)
  to   space 5120K, 0% used [0x00000000da800000,0x00000000da800000,0x00000000dad00000)
 ParOldGen       total 86016K, used 5432K [0x0000000083800000, 0x0000000088c00000, 0x00000000d6800000)
  object space 86016K, 6% used [0x0000000083800000,0x0000000083d4e118,0x0000000088c00000)
 Metaspace       used 17042K, capacity 17490K, committed 17664K, reserved 1064960K
  class space    used 1912K, capacity 2022K, committed 2048K, reserved 1048576K
}
Event: 1.344 GC heap before
{Heap before GC invocations=5 (full 0):
 PSYoungGen      total 70656K, used 70630K [0x00000000d6800000, 0x00000000db200000, 0x0000000100000000)
  eden space 65536K, 100% used [0x00000000d6800000,0x00000000da800000,0x00000000da800000)
  from space 5120K, 99% used [0x00000000dad00000,0x00000000db1f9a98,0x00000000db200000)
  to   space 5120K, 0% used [0x00000000da800000,0x00000000da800000,0x00000000dad00000)
 ParOldGen       total 86016K, used 5432K [0x0000000083800000, 0x0000000088c00000, 0x00000000d6800000)
  object space 86016K, 6% used [0x0000000083800000,0x0000000083d4e118,0x0000000088c00000)
 Metaspace       used 20275K, capacity 20932K, committed 20992K, reserved 1067008K
  class space    used 2388K, capacity 2559K, committed 2560K, reserved 1048576K
Event: 1.350 GC heap after
Heap after GC invocations=5 (full 0):
 PSYoungGen      total 70656K, used 5095K [0x00000000d6800000, 0x00000000dfc00000, 0x0000000100000000)
  eden space 65536K, 0% used [0x00000000d6800000,0x00000000d6800000,0x00000000da800000)
  from space 5120K, 99% used [0x00000000da800000,0x00000000dacf9f20,0x00000000dad00000)
  to   space 10240K, 0% used [0x00000000df200000,0x00000000df200000,0x00000000dfc00000)
 ParOldGen       total 86016K, used 9422K [0x0000000083800000, 0x0000000088c00000, 0x00000000d6800000)
  object space 86016K, 10% used [0x0000000083800000,0x0000000084133888,0x0000000088c00000)
 Metaspace       used 20275K, capacity 20932K, committed 20992K, reserved 1067008K
  class space    used 2388K, capacity 2559K, committed 2560K, reserved 1048576K
}
Event: 1.404 GC heap before
{Heap before GC invocations=6 (full 0):
 PSYoungGen      total 70656K, used 34691K [0x00000000d6800000, 0x00000000dfc00000, 0x0000000100000000)
  eden space 65536K, 45% used [0x00000000d6800000,0x00000000d84e6fa0,0x00000000da800000)
  from space 5120K, 99% used [0x00000000da800000,0x00000000dacf9f20,0x00000000dad00000)
  to   space 10240K, 0% used [0x00000000df200000,0x00000000df200000,0x00000000dfc00000)
 ParOldGen       total 86016K, used 9422K [0x0000000083800000, 0x0000000088c00000, 0x00000000d6800000)
  object space 86016K, 10% used [0x0000000083800000,0x0000000084133888,0x0000000088c00000)
 Metaspace       used 20576K, capacity 21194K, committed 21296K, reserved 1069056K
  class space    used 2429K, capacity 2598K, committed 2608K, reserved 1048576K
Event: 1.409 GC heap after
Heap after GC invocations=6 (full 0):
 PSYoungGen      total 140288K, used 6216K [0x00000000d6800000, 0x00000000dfb00000, 0x0000000100000000)
  eden space 131072K, 0% used [0x00000000d6800000,0x00000000d6800000,0x00000000de800000)
  from space 9216K, 67% used [0x00000000df200000,0x00000000df812388,0x00000000dfb00000)
  to   space 9728K, 0% used [0x00000000de800000,0x00000000de800000,0x00000000df180000)
 ParOldGen       total 86016K, used 9430K [0x0000000083800000, 0x0000000088c00000, 0x00000000d6800000)
  object space 86016K, 10% used [0x0000000083800000,0x0000000084135888,0x0000000088c00000)
 Metaspace       used 20576K, capacity 21194K, committed 21296K, reserved 1069056K
  class space    used 2429K, capacity 2598K, committed 2608K, reserved 1048576K
}
Event: 1.409 GC heap before
{Heap before GC invocations=7 (full 1):
 PSYoungGen      total 140288K, used 6216K [0x00000000d6800000, 0x00000000dfb00000, 0x0000000100000000)
  eden space 131072K, 0% used [0x00000000d6800000,0x00000000d6800000,0x00000000de800000)
  from space 9216K, 67% used [0x00000000df200000,0x00000000df812388,0x00000000dfb00000)
  to   space 9728K, 0% used [0x00000000de800000,0x00000000de800000,0x00000000df180000)
 ParOldGen       total 86016K, used 9430K [0x0000000083800000, 0x0000000088c00000, 0x00000000d6800000)
  object space 86016K, 10% used [0x0000000083800000,0x0000000084135888,0x0000000088c00000)
 Metaspace       used 20576K, capacity 21194K, committed 21296K, reserved 1069056K
  class space    used 2429K, capacity 2598K, committed 2608K, reserved 1048576K
Event: 1.434 GC heap after
Heap after GC invocations=7 (full 1):
 PSYoungGen      total 140288K, used 0K [0x00000000d6800000, 0x00000000dfb00000, 0x0000000100000000)
  eden space 131072K, 0% used [0x00000000d6800000,0x00000000d6800000,0x00000000de800000)
  from space 9216K, 0% used [0x00000000df200000,0x00000000df200000,0x00000000dfb00000)
  to   space 9728K, 0% used [0x00000000de800000,0x00000000de800000,0x00000000df180000)
 ParOldGen       total 55296K, used 8316K [0x0000000083800000, 0x0000000086e00000, 0x00000000d6800000)
  object space 55296K, 15% used [0x0000000083800000,0x000000008401f078,0x0000000086e00000)
 Metaspace       used 20574K, capacity 21188K, committed 21296K, reserved 1069056K
  class space    used 2429K, capacity 2597K, committed 2608K, reserved 1048576K
}
Event: 1.985 GC heap before
{Heap before GC invocations=8 (full 1):
 PSYoungGen      total 140288K, used 131072K [0x00000000d6800000, 0x00000000dfb00000, 0x0000000100000000)
  eden space 131072K, 100% used [0x00000000d6800000,0x00000000de800000,0x00000000de800000)
  from space 9216K, 0% used [0x00000000df200000,0x00000000df200000,0x00000000dfb00000)
  to   space 9728K, 0% used [0x00000000de800000,0x00000000de800000,0x00000000df180000)
 ParOldGen       total 55296K, used 8316K [0x0000000083800000, 0x0000000086e00000, 0x00000000d6800000)
  object space 55296K, 15% used [0x0000000083800000,0x000000008401f078,0x0000000086e00000)
 Metaspace       used 24319K, capacity 25388K, committed 25520K, reserved 1071104K
  class space    used 2973K, capacity 3217K, committed 3248K, reserved 1048576K
Event: 1.990 GC heap after
Heap after GC invocations=8 (full 1):
 PSYoungGen      total 140800K, used 7392K [0x00000000d6800000, 0x00000000e5080000, 0x0000000100000000)
  eden space 131072K, 0% used [0x00000000d6800000,0x00000000d6800000,0x00000000de800000)
  from space 9728K, 75% used [0x00000000de800000,0x00000000def38218,0x00000000df180000)
  to   space 9728K, 0% used [0x00000000e4700000,0x00000000e4700000,0x00000000e5080000)
 ParOldGen       total 55296K, used 8324K [0x0000000083800000, 0x0000000086e00000, 0x00000000d6800000)
  object space 55296K, 15% used [0x0000000083800000,0x0000000084021078,0x0000000086e00000)
 Metaspace       used 24319K, capacity 25388K, committed 25520K, reserved 1071104K
  class space    used 2973K, capacity 3217K, committed 3248K, reserved 1048576K
}
Event: 2.483 GC heap before
{Heap before GC invocations=9 (full 1):
 PSYoungGen      total 140800K, used 138464K [0x00000000d6800000, 0x00000000e5080000, 0x0000000100000000)
  eden space 131072K, 100% used [0x00000000d6800000,0x00000000de800000,0x00000000de800000)
  from space 9728K, 75% used [0x00000000de800000,0x00000000def38218,0x00000000df180000)
  to   space 9728K, 0% used [0x00000000e4700000,0x00000000e4700000,0x00000000e5080000)
 ParOldGen       total 55296K, used 8324K [0x0000000083800000, 0x0000000086e00000, 0x00000000d6800000)
  object space 55296K, 15% used [0x0000000083800000,0x0000000084021078,0x0000000086e00000)
 Metaspace       used 29370K, capacity 31076K, committed 31408K, reserved 1077248K
  class space    used 3633K, capacity 3971K, committed 4016K, reserved 1048576K
Event: 2.490 GC heap after
Heap after GC invocations=9 (full 1):
 PSYoungGen      total 223232K, used 9533K [0x00000000d6800000, 0x00000000e5080000, 0x0000000100000000)
  eden space 213504K, 0% used [0x00000000d6800000,0x00000000d6800000,0x00000000e3880000)
  from space 9728K, 98% used [0x00000000e4700000,0x00000000e504f600,0x00000000e5080000)
  to   space 10752K, 0% used [0x00000000e3b80000,0x00000000e3b80000,0x00000000e4600000)
 ParOldGen       total 55296K, used 8332K [0x0000000083800000, 0x0000000086e00000, 0x00000000d6800000)
  object space 55296K, 15% used [0x0000000083800000,0x0000000084023078,0x0000000086e00000)
 Metaspace       used 29370K, capacity 31076K, committed 31408K, reserved 1077248K
  class space    used 3633K, capacity 3971K, committed 4016K, reserved 1048576K
}
Event: 2.803 GC heap before
{Heap before GC invocations=10 (full 1):
 PSYoungGen      total 223232K, used 93526K [0x00000000d6800000, 0x00000000e5080000, 0x0000000100000000)
  eden space 213504K, 39% used [0x00000000d6800000,0x00000000dba06450,0x00000000e3880000)
  from space 9728K, 98% used [0x00000000e4700000,0x00000000e504f600,0x00000000e5080000)
  to   space 10752K, 0% used [0x00000000e3b80000,0x00000000e3b80000,0x00000000e4600000)
 ParOldGen       total 55296K, used 8332K [0x0000000083800000, 0x0000000086e00000, 0x00000000d6800000)
  object space 55296K, 15% used [0x0000000083800000,0x0000000084023078,0x0000000086e00000)
 Metaspace       used 33563K, capacity 35294K, committed 35496K, reserved 1081344K
  class space    used 4241K, capacity 4578K, committed 4656K, reserved 1048576K
Event: 2.811 GC heap after
Heap after GC invocations=10 (full 1):
 PSYoungGen      total 227328K, used 10736K [0x00000000d6800000, 0x00000000e9d80000, 0x0000000100000000)
  eden space 216576K, 0% used [0x00000000d6800000,0x00000000d6800000,0x00000000e3b80000)
  from space 10752K, 99% used [0x00000000e3b80000,0x00000000e45fc0b8,0x00000000e4600000)
  to   space 11776K, 0% used [0x00000000e9200000,0x00000000e9200000,0x00000000e9d80000)
 ParOldGen       total 55296K, used 8362K [0x0000000083800000, 0x0000000086e00000, 0x00000000d6800000)
  object space 55296K, 15% used [0x0000000083800000,0x000000008402abc0,0x0000000086e00000)
 Metaspace       used 33563K, capacity 35294K, committed 35496K, reserved 1081344K
  class space    used 4241K, capacity 4578K, committed 4656K, reserved 1048576K
}
Event: 2.811 GC heap before
{Heap before GC invocations=11 (full 2):
 PSYoungGen      total 227328K, used 10736K [0x00000000d6800000, 0x00000000e9d80000, 0x0000000100000000)
  eden space 216576K, 0% used [0x00000000d6800000,0x00000000d6800000,0x00000000e3b80000)
  from space 10752K, 99% used [0x00000000e3b80000,0x00000000e45fc0b8,0x00000000e4600000)
  to   space 11776K, 0% used [0x00000000e9200000,0x00000000e9200000,0x00000000e9d80000)
 ParOldGen       total 55296K, used 8362K [0x0000000083800000, 0x0000000086e00000, 0x00000000d6800000)
  object space 55296K, 15% used [0x0000000083800000,0x000000008402abc0,0x0000000086e00000)
 Metaspace       used 33563K, capacity 35294K, committed 35496K, reserved 1081344K
  class space    used 4241K, capacity 4578K, committed 4656K, reserved 1048576K
Event: 2.856 GC heap after
Heap after GC invocations=11 (full 2):
 PSYoungGen      total 227328K, used 0K [0x00000000d6800000, 0x00000000e9d80000, 0x0000000100000000)
  eden space 216576K, 0% used [0x00000000d6800000,0x00000000d6800000,0x00000000e3b80000)
  from space 10752K, 0% used [0x00000000e3b80000,0x00000000e3b80000,0x00000000e4600000)
  to   space 11776K, 0% used [0x00000000e9200000,0x00000000e9200000,0x00000000e9d80000)
 ParOldGen       total 84480K, used 17639K [0x0000000083800000, 0x0000000088a80000, 0x00000000d6800000)
  object space 84480K, 20% used [0x0000000083800000,0x0000000084939f28,0x0000000088a80000)
 Metaspace       used 33563K, capacity 35294K, committed 35496K, reserved 1081344K
  class space    used 4241K, capacity 4578K, committed 4656K, reserved 1048576K
}
Event: 3.921 GC heap before
{Heap before GC invocations=12 (full 2):
 PSYoungGen      total 227328K, used 216576K [0x00000000d6800000, 0x00000000e9d80000, 0x0000000100000000)
  eden space 216576K, 100% used [0x00000000d6800000,0x00000000e3b80000,0x00000000e3b80000)
  from space 10752K, 0% used [0x00000000e3b80000,0x00000000e3b80000,0x00000000e4600000)
  to   space 11776K, 0% used [0x00000000e9200000,0x00000000e9200000,0x00000000e9d80000)
 ParOldGen       total 84480K, used 17639K [0x0000000083800000, 0x0000000088a80000, 0x00000000d6800000)
  object space 84480K, 20% used [0x0000000083800000,0x0000000084939f28,0x0000000088a80000)
 Metaspace       used 45133K, capacity 47196K, committed 47280K, reserved 1089536K
  class space    used 5912K, capacity 6291K, committed 6320K, reserved 1048576K
Event: 3.930 GC heap after
Heap after GC invocations=12 (full 2):
 PSYoungGen      total 291840K, used 11760K [0x00000000d6800000, 0x00000000e9d80000, 0x0000000100000000)
  eden space 280064K, 0% used [0x00000000d6800000,0x00000000d6800000,0x00000000e7980000)
  from space 11776K, 99% used [0x00000000e9200000,0x00000000e9d7c018,0x00000000e9d80000)
  to   space 13824K, 0% used [0x00000000e8280000,0x00000000e8280000,0x00000000e9000000)
 ParOldGen       total 84480K, used 20638K [0x0000000083800000, 0x0000000088a80000, 0x00000000d6800000)
  object space 84480K, 24% used [0x0000000083800000,0x0000000084c27b90,0x0000000088a80000)
 Metaspace       used 45133K, capacity 47196K, committed 47280K, reserved 1089536K
  class space    used 5912K, capacity 6291K, committed 6320K, reserved 1048576K
}

